2026-06-09T17:08:38.974+08:00  INFO 12508 --- [main] c.i.client.AssessmentApplication         : Starting AssessmentApplication using Java 25.0.3 with PID 12508 (C:\Users\User\IdeaProjects\assessment\target\classes started by User in C:\Users\User\IdeaProjects\assessment)
2026-06-09T17:08:38.977+08:00 DEBUG 12508 --- [main] c.i.client.AssessmentApplication         : Running with Spring Boot v4.0.6, Spring v7.0.7
2026-06-09T17:08:38.978+08:00  INFO 12508 --- [main] c.i.client.AssessmentApplication         : No active profile set, falling back to 1 default profile: "default"
2026-06-09T17:08:39.626+08:00  INFO 12508 --- [main] .s.d.r.c.RepositoryConfigurationDelegate : Bootstrapping Spring Data JPA repositories in DEFAULT mode.
2026-06-09T17:08:39.672+08:00  INFO 12508 --- [main] .s.d.r.c.RepositoryConfigurationDelegate : Finished Spring Data repository scanning in 40 ms. Found 1 JPA repository interface.
2026-06-09T17:08:40.030+08:00  INFO 12508 --- [main] o.s.boot.tomcat.TomcatWebServer          : Tomcat initialized with port 8080 (http)
2026-06-09T17:08:40.040+08:00  INFO 12508 --- [main] o.apache.catalina.core.StandardService   : Starting service [Tomcat]
2026-06-09T17:08:40.041+08:00  INFO 12508 --- [main] o.apache.catalina.core.StandardEngine    : Starting Servlet engine: [Apache Tomcat/11.0.21]
2026-06-09T17:08:40.079+08:00  INFO 12508 --- [main] b.w.c.s.WebApplicationContextInitializer : Root WebApplicationContext: initialization completed in 1032 ms
2026-06-09T17:08:40.342+08:00  INFO 12508 --- [main] com.zaxxer.hikari.HikariDataSource       : HikariPool-1 - Starting...
2026-06-09T17:08:41.078+08:00  INFO 12508 --- [main] com.zaxxer.hikari.pool.HikariPool        : HikariPool-1 - Added connection ConnectionID:1 ClientConnectionId: e14c11d8-d36f-4cef-b2b9-4625ee1687ec
2026-06-09T17:08:41.080+08:00  INFO 12508 --- [main] com.zaxxer.hikari.HikariDataSource       : HikariPool-1 - Start completed.
2026-06-09T17:08:41.111+08:00  INFO 12508 --- [main] org.hibernate.orm.jpa                    : HHH008540: Processing PersistenceUnitInfo [name: default]
2026-06-09T17:08:41.164+08:00  INFO 12508 --- [main] org.hibernate.orm.core                   : HHH000001: Hibernate ORM core version 7.2.12.Final
2026-06-09T17:08:41.527+08:00  INFO 12508 --- [main] o.s.o.j.p.SpringPersistenceUnitInfo      : No LoadTimeWeaver setup: ignoring JPA class transformer
2026-06-09T17:08:41.834+08:00  WARN 12508 --- [main] org.hibernate.orm.deprecation            : HHH90000025: SQLServerDialect does not need to be specified explicitly using 'hibernate.dialect' (remove the property setting and it will be selected by default)
2026-06-09T17:08:41.858+08:00  INFO 12508 --- [main] org.hibernate.orm.connections.pooling    : HHH10001005: Database info:
	Database JDBC URL [jdbc:sqlserver://localhost:1433;concatNullYieldsNull=ON;quotedIdentifier=ON;connectRetryInterval=10;connectRetryCount=1;maxResultBuffer=-1;sendTemporalDataTypesAsStringForBulkCopy=true;delayLoadingLobs=true;useFmtOnly=false;vectorTypeSupport=v1;cacheBulkCopyMetadata=false;bulkCopyForBatchInsertAllowEncryptedValueModifications=false;bulkCopyForBatchInsertTableLock=false;bulkCopyForBatchInsertKeepNulls=false;bulkCopyForBatchInsertKeepIdentity=false;bulkCopyForBatchInsertFireTriggers=false;bulkCopyForBatchInsertCheckConstraints=false;bulkCopyForBatchInsertBatchSize=0;useBulkCopyForBatchInsert=false;cancelQueryTimeout=-1;sslProtocol=TLS;calcBigDecimalPrecision=false;useDefaultJaasConfig=false;jaasConfigurationName=SQLJDBCDriver;statementPoolingCacheSize=0;serverPreparedStatementDiscardThreshold=10;enablePrepareOnFirstPreparedStatementCall=false;fips=false;socketTimeout=0;authentication=NotSpecified;authenticationScheme=nativeAuthentication;xopenStates=false;datetimeParameterType=datetime2;sendTimeAsDatetime=true;replication=false;trustStoreType=JKS;trustServerCertificate=true;TransparentNetworkIPResolution=true;iPAddressPreference=IPv4First;serverNameAsACE=false;sendStringParametersAsUnicode=true;selectMethod=direct;responseBuffering=adaptive;queryTimeout=-1;packetSize=8000;multiSubnetFailover=false;loginTimeout=30;lockTimeout=-1;lastUpdateCount=true;useDefaultGSSCredential=false;prepareMethod=prepexec;encrypt=true;disableStatementPooling=true;databaseName=TESTDB;columnEncryptionSetting=Disabled;applicationName=Microsoft JDBC Driver for SQL Server;applicationIntent=readwrite;]
	Database driver: Microsoft JDBC Driver 13.2 for SQL Server
	Database dialect: SQLServerDialect
	Database version: 17.0
	Default catalog/schema: TESTDB/dbo
	Autocommit mode: undefined/unknown
	Isolation level: READ_COMMITTED [default READ_COMMITTED]
	JDBC fetch size: 128
	Pool: DataSourceConnectionProvider
	Minimum pool size: undefined/unknown
	Maximum pool size: undefined/unknown
2026-06-09T17:08:42.794+08:00  INFO 12508 --- [main] org.hibernate.orm.core                   : HHH000489: No JTA platform available (set 'hibernate.transaction.jta.platform' to enable JTA platform integration)
2026-06-09T17:08:42.800+08:00  INFO 12508 --- [main] j.LocalContainerEntityManagerFactoryBean : Initialized JPA EntityManagerFactory for persistence unit 'default'
2026-06-09T17:08:42.853+08:00  INFO 12508 --- [main] o.s.d.j.r.query.QueryEnhancerFactories   : Hibernate is in classpath; If applicable, HQL parser will be used.
2026-06-09T17:08:43.438+08:00  INFO 12508 --- [main] o.s.boot.tomcat.TomcatWebServer          : Tomcat started on port 8080 (http) with context path '/'
2026-06-09T17:08:43.443+08:00  INFO 12508 --- [main] c.i.client.AssessmentApplication         : Started AssessmentApplication in 4.823 seconds (process running for 5.955)
2026-06-09T17:10:47.534+08:00  INFO 12508 --- [http-nio-8080-exec-1] o.a.c.c.C.[Tomcat].[localhost].[/]       : Initializing Spring DispatcherServlet 'dispatcherServlet'
2026-06-09T17:10:47.535+08:00  INFO 12508 --- [http-nio-8080-exec-1] o.s.web.servlet.DispatcherServlet        : Initializing Servlet 'dispatcherServlet'
2026-06-09T17:10:47.538+08:00  INFO 12508 --- [http-nio-8080-exec-1] o.s.web.servlet.DispatcherServlet        : Completed initialization in 2 ms
2026-06-09T17:10:47.549+08:00  INFO 12508 --- [http-nio-8080-exec-1] c.i.client.filter.RequestLoggingFilter   : Incoming Request => Method: GET, URI: /ping
2026-06-09T17:10:59.957+08:00  INFO 12508 --- [http-nio-8080-exec-3] c.i.client.filter.RequestLoggingFilter   : Incoming Request => Method: GET, URI: /client/1
2026-06-09T17:14:27.750+08:00  INFO 12508 --- [SpringApplicationShutdownHook] o.s.boot.tomcat.GracefulShutdown         : Commencing graceful shutdown. Waiting for active requests to complete
2026-06-09T17:14:27.761+08:00  INFO 12508 --- [tomcat-shutdown] o.s.boot.tomcat.GracefulShutdown         : Graceful shutdown complete
2026-06-09T17:14:27.765+08:00  INFO 12508 --- [SpringApplicationShutdownHook] j.LocalContainerEntityManagerFactoryBean : Closing JPA EntityManagerFactory for persistence unit 'default'
2026-06-09T17:14:27.766+08:00  INFO 12508 --- [SpringApplicationShutdownHook] com.zaxxer.hikari.HikariDataSource       : HikariPool-1 - Shutdown initiated...
2026-06-09T17:14:27.772+08:00  INFO 12508 --- [SpringApplicationShutdownHook] com.zaxxer.hikari.HikariDataSource       : HikariPool-1 - Shutdown completed.
2026-06-09T17:14:32.868+08:00  INFO 39740 --- [main] c.i.client.AssessmentApplication         : Starting AssessmentApplication using Java 25.0.3 with PID 39740 (C:\Users\User\IdeaProjects\assessment\target\classes started by User in C:\Users\User\IdeaProjects\assessment)
2026-06-09T17:14:32.870+08:00 DEBUG 39740 --- [main] c.i.client.AssessmentApplication         : Running with Spring Boot v4.0.6, Spring v7.0.7
2026-06-09T17:14:32.871+08:00  INFO 39740 --- [main] c.i.client.AssessmentApplication         : No active profile set, falling back to 1 default profile: "default"
2026-06-09T17:14:33.303+08:00  INFO 39740 --- [main] .s.d.r.c.RepositoryConfigurationDelegate : Bootstrapping Spring Data JPA repositories in DEFAULT mode.
2026-06-09T17:14:33.337+08:00  INFO 39740 --- [main] .s.d.r.c.RepositoryConfigurationDelegate : Finished Spring Data repository scanning in 27 ms. Found 1 JPA repository interface.
2026-06-09T17:14:33.602+08:00  INFO 39740 --- [main] o.s.boot.tomcat.TomcatWebServer          : Tomcat initialized with port 8080 (http)
2026-06-09T17:14:33.611+08:00  INFO 39740 --- [main] o.apache.catalina.core.StandardService   : Starting service [Tomcat]
2026-06-09T17:14:33.612+08:00  INFO 39740 --- [main] o.apache.catalina.core.StandardEngine    : Starting Servlet engine: [Apache Tomcat/11.0.21]
2026-06-09T17:14:33.654+08:00  INFO 39740 --- [main] b.w.c.s.WebApplicationContextInitializer : Root WebApplicationContext: initialization completed in 742 ms
2026-06-09T17:14:33.782+08:00  INFO 39740 --- [main] com.zaxxer.hikari.HikariDataSource       : HikariPool-1 - Starting...
2026-06-09T17:14:34.515+08:00  INFO 39740 --- [main] com.zaxxer.hikari.pool.HikariPool        : HikariPool-1 - Added connection ConnectionID:1 ClientConnectionId: 84d970fc-60ae-467b-8afb-ee7e00f2a3e0
2026-06-09T17:14:34.516+08:00  INFO 39740 --- [main] com.zaxxer.hikari.HikariDataSource       : HikariPool-1 - Start completed.
2026-06-09T17:14:34.540+08:00  INFO 39740 --- [main] org.hibernate.orm.jpa                    : HHH008540: Processing PersistenceUnitInfo [name: default]
2026-06-09T17:14:34.570+08:00  INFO 39740 --- [main] org.hibernate.orm.core                   : HHH000001: Hibernate ORM core version 7.2.12.Final
2026-06-09T17:14:34.835+08:00  INFO 39740 --- [main] o.s.o.j.p.SpringPersistenceUnitInfo      : No LoadTimeWeaver setup: ignoring JPA class transformer
2026-06-09T17:14:35.105+08:00  WARN 39740 --- [main] org.hibernate.orm.deprecation            : HHH90000025: SQLServerDialect does not need to be specified explicitly using 'hibernate.dialect' (remove the property setting and it will be selected by default)
2026-06-09T17:14:35.118+08:00  INFO 39740 --- [main] org.hibernate.orm.connections.pooling    : HHH10001005: Database info:
	Database JDBC URL [jdbc:sqlserver://localhost:1433;concatNullYieldsNull=ON;quotedIdentifier=ON;connectRetryInterval=10;connectRetryCount=1;maxResultBuffer=-1;sendTemporalDataTypesAsStringForBulkCopy=true;delayLoadingLobs=true;useFmtOnly=false;vectorTypeSupport=v1;cacheBulkCopyMetadata=false;bulkCopyForBatchInsertAllowEncryptedValueModifications=false;bulkCopyForBatchInsertTableLock=false;bulkCopyForBatchInsertKeepNulls=false;bulkCopyForBatchInsertKeepIdentity=false;bulkCopyForBatchInsertFireTriggers=false;bulkCopyForBatchInsertCheckConstraints=false;bulkCopyForBatchInsertBatchSize=0;useBulkCopyForBatchInsert=false;cancelQueryTimeout=-1;sslProtocol=TLS;calcBigDecimalPrecision=false;useDefaultJaasConfig=false;jaasConfigurationName=SQLJDBCDriver;statementPoolingCacheSize=0;serverPreparedStatementDiscardThreshold=10;enablePrepareOnFirstPreparedStatementCall=false;fips=false;socketTimeout=0;authentication=NotSpecified;authenticationScheme=nativeAuthentication;xopenStates=false;datetimeParameterType=datetime2;sendTimeAsDatetime=true;replication=false;trustStoreType=JKS;trustServerCertificate=true;TransparentNetworkIPResolution=true;iPAddressPreference=IPv4First;serverNameAsACE=false;sendStringParametersAsUnicode=true;selectMethod=direct;responseBuffering=adaptive;queryTimeout=-1;packetSize=8000;multiSubnetFailover=false;loginTimeout=30;lockTimeout=-1;lastUpdateCount=true;useDefaultGSSCredential=false;prepareMethod=prepexec;encrypt=true;disableStatementPooling=true;databaseName=TESTDB;columnEncryptionSetting=Disabled;applicationName=Microsoft JDBC Driver for SQL Server;applicationIntent=readwrite;]
	Database driver: Microsoft JDBC Driver 13.2 for SQL Server
	Database dialect: SQLServerDialect
	Database version: 17.0
	Default catalog/schema: TESTDB/dbo
	Autocommit mode: undefined/unknown
	Isolation level: READ_COMMITTED [default READ_COMMITTED]
	JDBC fetch size: 128
	Pool: DataSourceConnectionProvider
	Minimum pool size: undefined/unknown
	Maximum pool size: undefined/unknown
2026-06-09T17:14:35.662+08:00  INFO 39740 --- [main] org.hibernate.orm.core                   : HHH000489: No JTA platform available (set 'hibernate.transaction.jta.platform' to enable JTA platform integration)
2026-06-09T17:14:35.668+08:00  INFO 39740 --- [main] j.LocalContainerEntityManagerFactoryBean : Initialized JPA EntityManagerFactory for persistence unit 'default'
2026-06-09T17:14:35.716+08:00  INFO 39740 --- [main] o.s.d.j.r.query.QueryEnhancerFactories   : Hibernate is in classpath; If applicable, HQL parser will be used.
2026-06-09T17:14:36.055+08:00  INFO 39740 --- [main] o.s.boot.tomcat.TomcatWebServer          : Tomcat started on port 8080 (http) with context path '/'
2026-06-09T17:14:36.059+08:00  INFO 39740 --- [main] c.i.client.AssessmentApplication         : Started AssessmentApplication in 3.51 seconds (process running for 5.58)
2026-06-09T17:16:24.594+08:00  INFO 39740 --- [http-nio-8080-exec-4] o.a.c.c.C.[Tomcat].[localhost].[/]       : Initializing Spring DispatcherServlet 'dispatcherServlet'
2026-06-09T17:16:24.595+08:00  INFO 39740 --- [http-nio-8080-exec-4] o.s.web.servlet.DispatcherServlet        : Initializing Servlet 'dispatcherServlet'
2026-06-09T17:16:24.598+08:00  INFO 39740 --- [http-nio-8080-exec-4] o.s.web.servlet.DispatcherServlet        : Completed initialization in 2 ms
2026-06-09T17:16:24.619+08:00  INFO 39740 --- [http-nio-8080-exec-4] c.i.client.filter.RequestLoggingFilter   : Incoming Request => Method: GET, URI: /client/1
2026-06-09T17:16:25.324+08:00  INFO 39740 --- [http-nio-8080-exec-4] c.i.client.filter.RequestLoggingFilter   : Outgoing Response => Status: 200, Duration: 704 ms, Body: {"data":{"firstName":"John","id":1,"lastName":"Doe"},"message":"Client retrieved successfully","statusCode":200}
2026-06-09T17:47:14.272+08:00  WARN 39740 --- [HikariPool-1:housekeeper] com.zaxxer.hikari.pool.HikariPool        : HikariPool-1 - Thread starvation or clock leap detected (housekeeper delta=15m9s384ms156µs500ns).
2026-06-09T19:25:08.150+08:00  WARN 39740 --- [HikariPool-1:housekeeper] com.zaxxer.hikari.pool.HikariPool        : HikariPool-1 - Thread starvation or clock leap detected (housekeeper delta=1h37m57s365ms413µs900ns).
2026-06-09T19:52:59.466+08:00  INFO 39740 --- [SpringApplicationShutdownHook] o.s.boot.tomcat.GracefulShutdown         : Commencing graceful shutdown. Waiting for active requests to complete
2026-06-09T19:52:59.477+08:00  INFO 39740 --- [tomcat-shutdown] o.s.boot.tomcat.GracefulShutdown         : Graceful shutdown complete
2026-06-09T19:52:59.486+08:00  INFO 39740 --- [SpringApplicationShutdownHook] j.LocalContainerEntityManagerFactoryBean : Closing JPA EntityManagerFactory for persistence unit 'default'
2026-06-09T19:52:59.494+08:00  INFO 39740 --- [SpringApplicationShutdownHook] com.zaxxer.hikari.HikariDataSource       : HikariPool-1 - Shutdown initiated...
2026-06-09T19:52:59.497+08:00  INFO 39740 --- [SpringApplicationShutdownHook] com.zaxxer.hikari.HikariDataSource       : HikariPool-1 - Shutdown completed.
2026-06-09T19:54:54.083+08:00  INFO 43084 --- [main] c.i.client.AssessmentApplication         : Starting AssessmentApplication using Java 25.0.3 with PID 43084 (C:\Users\User\IdeaProjects\assessment\target\classes started by User in C:\Users\User\IdeaProjects\assessment)
2026-06-09T19:54:54.086+08:00 DEBUG 43084 --- [main] c.i.client.AssessmentApplication         : Running with Spring Boot v4.0.6, Spring v7.0.7
2026-06-09T19:54:54.087+08:00  INFO 43084 --- [main] c.i.client.AssessmentApplication         : No active profile set, falling back to 1 default profile: "default"
2026-06-09T19:54:54.583+08:00  INFO 43084 --- [main] .s.d.r.c.RepositoryConfigurationDelegate : Bootstrapping Spring Data JPA repositories in DEFAULT mode.
2026-06-09T19:54:54.622+08:00  INFO 43084 --- [main] .s.d.r.c.RepositoryConfigurationDelegate : Finished Spring Data repository scanning in 32 ms. Found 1 JPA repository interface.
2026-06-09T19:54:54.934+08:00  INFO 43084 --- [main] o.s.boot.tomcat.TomcatWebServer          : Tomcat initialized with port 8080 (http)
2026-06-09T19:54:54.945+08:00  INFO 43084 --- [main] o.apache.catalina.core.StandardService   : Starting service [Tomcat]
2026-06-09T19:54:54.945+08:00  INFO 43084 --- [main] o.apache.catalina.core.StandardEngine    : Starting Servlet engine: [Apache Tomcat/11.0.21]
2026-06-09T19:54:54.988+08:00  INFO 43084 --- [main] b.w.c.s.WebApplicationContextInitializer : Root WebApplicationContext: initialization completed in 850 ms
2026-06-09T19:54:55.176+08:00  INFO 43084 --- [main] com.zaxxer.hikari.HikariDataSource       : HikariPool-1 - Starting...
2026-06-09T19:54:56.000+08:00  INFO 43084 --- [main] com.zaxxer.hikari.pool.HikariPool        : HikariPool-1 - Added connection ConnectionID:1 ClientConnectionId: 0a6fae4a-aee3-4b5e-a6cb-e67885eb294b
2026-06-09T19:54:56.002+08:00  INFO 43084 --- [main] com.zaxxer.hikari.HikariDataSource       : HikariPool-1 - Start completed.
2026-06-09T19:54:56.033+08:00  INFO 43084 --- [main] org.hibernate.orm.jpa                    : HHH008540: Processing PersistenceUnitInfo [name: default]
2026-06-09T19:54:56.085+08:00  INFO 43084 --- [main] org.hibernate.orm.core                   : HHH000001: Hibernate ORM core version 7.2.12.Final
2026-06-09T19:54:56.473+08:00  INFO 43084 --- [main] o.s.o.j.p.SpringPersistenceUnitInfo      : No LoadTimeWeaver setup: ignoring JPA class transformer
2026-06-09T19:54:57.050+08:00  WARN 43084 --- [main] org.hibernate.orm.deprecation            : HHH90000025: SQLServerDialect does not need to be specified explicitly using 'hibernate.dialect' (remove the property setting and it will be selected by default)
2026-06-09T19:54:57.071+08:00  INFO 43084 --- [main] org.hibernate.orm.connections.pooling    : HHH10001005: Database info:
	Database JDBC URL [jdbc:sqlserver://localhost:1433;concatNullYieldsNull=ON;quotedIdentifier=ON;connectRetryInterval=10;connectRetryCount=1;maxResultBuffer=-1;sendTemporalDataTypesAsStringForBulkCopy=true;delayLoadingLobs=true;useFmtOnly=false;vectorTypeSupport=v1;cacheBulkCopyMetadata=false;bulkCopyForBatchInsertAllowEncryptedValueModifications=false;bulkCopyForBatchInsertTableLock=false;bulkCopyForBatchInsertKeepNulls=false;bulkCopyForBatchInsertKeepIdentity=false;bulkCopyForBatchInsertFireTriggers=false;bulkCopyForBatchInsertCheckConstraints=false;bulkCopyForBatchInsertBatchSize=0;useBulkCopyForBatchInsert=false;cancelQueryTimeout=-1;sslProtocol=TLS;calcBigDecimalPrecision=false;useDefaultJaasConfig=false;jaasConfigurationName=SQLJDBCDriver;statementPoolingCacheSize=0;serverPreparedStatementDiscardThreshold=10;enablePrepareOnFirstPreparedStatementCall=false;fips=false;socketTimeout=0;authentication=NotSpecified;authenticationScheme=nativeAuthentication;xopenStates=false;datetimeParameterType=datetime2;sendTimeAsDatetime=true;replication=false;trustStoreType=JKS;trustServerCertificate=true;TransparentNetworkIPResolution=true;iPAddressPreference=IPv4First;serverNameAsACE=false;sendStringParametersAsUnicode=true;selectMethod=direct;responseBuffering=adaptive;queryTimeout=-1;packetSize=8000;multiSubnetFailover=false;loginTimeout=30;lockTimeout=-1;lastUpdateCount=true;useDefaultGSSCredential=false;prepareMethod=prepexec;encrypt=true;disableStatementPooling=true;databaseName=TESTDB;columnEncryptionSetting=Disabled;applicationName=Microsoft JDBC Driver for SQL Server;applicationIntent=readwrite;]
	Database driver: Microsoft JDBC Driver 13.2 for SQL Server
	Database dialect: SQLServerDialect
	Database version: 17.0
	Default catalog/schema: TESTDB/dbo
	Autocommit mode: undefined/unknown
	Isolation level: READ_COMMITTED [default READ_COMMITTED]
	JDBC fetch size: 128
	Pool: DataSourceConnectionProvider
	Minimum pool size: undefined/unknown
	Maximum pool size: undefined/unknown
2026-06-09T19:54:57.814+08:00  INFO 43084 --- [main] org.hibernate.orm.core                   : HHH000489: No JTA platform available (set 'hibernate.transaction.jta.platform' to enable JTA platform integration)
2026-06-09T19:54:57.819+08:00  INFO 43084 --- [main] j.LocalContainerEntityManagerFactoryBean : Initialized JPA EntityManagerFactory for persistence unit 'default'
2026-06-09T19:54:57.872+08:00  INFO 43084 --- [main] o.s.d.j.r.query.QueryEnhancerFactories   : Hibernate is in classpath; If applicable, HQL parser will be used.
2026-06-09T19:54:58.111+08:00  WARN 43084 --- [main] ConfigServletWebServerApplicationContext : Exception encountered during context initialization - cancelling refresh attempt: org.springframework.beans.factory.BeanCreationException: Error creating bean with name 'requestMappingHandlerMapping' defined in class path resource [org/springframework/boot/webmvc/autoconfigure/WebMvcAutoConfiguration$EnableWebMvcConfiguration.class]: Ambiguous mapping. Cannot map 'clientController' method 
com.interview.client.Controller.ClientController#getAllClient3(int, int, String, String)
to {GET [/client]}: There is already 'clientController' bean method
com.interview.client.Controller.ClientController#getAllClient() mapped.
2026-06-09T19:54:58.112+08:00  INFO 43084 --- [main] j.LocalContainerEntityManagerFactoryBean : Closing JPA EntityManagerFactory for persistence unit 'default'
2026-06-09T19:54:58.113+08:00  INFO 43084 --- [main] com.zaxxer.hikari.HikariDataSource       : HikariPool-1 - Shutdown initiated...
2026-06-09T19:54:58.506+08:00  INFO 43084 --- [main] com.zaxxer.hikari.HikariDataSource       : HikariPool-1 - Shutdown completed.
2026-06-09T19:54:58.507+08:00  INFO 43084 --- [main] o.apache.catalina.core.StandardService   : Stopping service [Tomcat]
2026-06-09T19:54:58.513+08:00  INFO 43084 --- [main] .s.b.a.l.ConditionEvaluationReportLogger : 

Error starting ApplicationContext. To display the condition evaluation report re-run your application with 'debug' enabled.
2026-06-09T19:54:58.521+08:00 ERROR 43084 --- [main] o.s.boot.SpringApplication               : Application run failed

org.springframework.beans.factory.BeanCreationException: Error creating bean with name 'requestMappingHandlerMapping' defined in class path resource [org/springframework/boot/webmvc/autoconfigure/WebMvcAutoConfiguration$EnableWebMvcConfiguration.class]: Ambiguous mapping. Cannot map 'clientController' method 
com.interview.client.Controller.ClientController#getAllClient3(int, int, String, String)
to {GET [/client]}: There is already 'clientController' bean method
com.interview.client.Controller.ClientController#getAllClient() mapped.
	at org.springframework.beans.factory.support.AbstractAutowireCapableBeanFactory.initializeBean(AbstractAutowireCapableBeanFactory.java:1817) ~[spring-beans-7.0.7.jar:7.0.7]
	at org.springframework.beans.factory.support.AbstractAutowireCapableBeanFactory.doCreateBean(AbstractAutowireCapableBeanFactory.java:603) ~[spring-beans-7.0.7.jar:7.0.7]
	at org.springframework.beans.factory.support.AbstractAutowireCapableBeanFactory.createBean(AbstractAutowireCapableBeanFactory.java:525) ~[spring-beans-7.0.7.jar:7.0.7]
	at org.springframework.beans.factory.support.AbstractBeanFactory.lambda$doGetBean$0(AbstractBeanFactory.java:333) ~[spring-beans-7.0.7.jar:7.0.7]
	at org.springframework.beans.factory.support.DefaultSingletonBeanRegistry.getSingleton(DefaultSingletonBeanRegistry.java:371) ~[spring-beans-7.0.7.jar:7.0.7]
	at org.springframework.beans.factory.support.AbstractBeanFactory.doGetBean(AbstractBeanFactory.java:331) ~[spring-beans-7.0.7.jar:7.0.7]
	at org.springframework.beans.factory.support.AbstractBeanFactory.getBean(AbstractBeanFactory.java:196) ~[spring-beans-7.0.7.jar:7.0.7]
	at org.springframework.beans.factory.support.DefaultListableBeanFactory.instantiateSingleton(DefaultListableBeanFactory.java:1218) ~[spring-beans-7.0.7.jar:7.0.7]
	at org.springframework.beans.factory.support.DefaultListableBeanFactory.preInstantiateSingleton(DefaultListableBeanFactory.java:1184) ~[spring-beans-7.0.7.jar:7.0.7]
	at org.springframework.beans.factory.support.DefaultListableBeanFactory.preInstantiateSingletons(DefaultListableBeanFactory.java:1121) ~[spring-beans-7.0.7.jar:7.0.7]
	at org.springframework.context.support.AbstractApplicationContext.finishBeanFactoryInitialization(AbstractApplicationContext.java:994) ~[spring-context-7.0.7.jar:7.0.7]
	at org.springframework.context.support.AbstractApplicationContext.refresh(AbstractApplicationContext.java:621) ~[spring-context-7.0.7.jar:7.0.7]
	at org.springframework.boot.web.server.servlet.context.ServletWebServerApplicationContext.refresh(ServletWebServerApplicationContext.java:143) ~[spring-boot-web-server-4.0.6.jar:4.0.6]
	at org.springframework.boot.SpringApplication.refresh(SpringApplication.java:756) ~[spring-boot-4.0.6.jar:4.0.6]
	at org.springframework.boot.SpringApplication.refreshContext(SpringApplication.java:445) ~[spring-boot-4.0.6.jar:4.0.6]
	at org.springframework.boot.SpringApplication.run(SpringApplication.java:321) ~[spring-boot-4.0.6.jar:4.0.6]
	at org.springframework.boot.SpringApplication.run(SpringApplication.java:1365) ~[spring-boot-4.0.6.jar:4.0.6]
	at org.springframework.boot.SpringApplication.run(SpringApplication.java:1354) ~[spring-boot-4.0.6.jar:4.0.6]
	at com.interview.client.AssessmentApplication.main(AssessmentApplication.java:10) ~[classes/:na]
Caused by: java.lang.IllegalStateException: Ambiguous mapping. Cannot map 'clientController' method 
com.interview.client.Controller.ClientController#getAllClient3(int, int, String, String)
to {GET [/client]}: There is already 'clientController' bean method
com.interview.client.Controller.ClientController#getAllClient() mapped.
	at org.springframework.web.servlet.handler.AbstractHandlerMethodMapping$MappingRegistry.validateMethodMapping(AbstractHandlerMethodMapping.java:646) ~[spring-webmvc-7.0.7.jar:7.0.7]
	at org.springframework.web.servlet.handler.AbstractHandlerMethodMapping$MappingRegistry.register(AbstractHandlerMethodMapping.java:606) ~[spring-webmvc-7.0.7.jar:7.0.7]
	at org.springframework.web.servlet.handler.AbstractHandlerMethodMapping.registerHandlerMethod(AbstractHandlerMethodMapping.java:327) ~[spring-webmvc-7.0.7.jar:7.0.7]
	at org.springframework.web.servlet.mvc.method.annotation.RequestMappingHandlerMapping.registerHandlerMethod(RequestMappingHandlerMapping.java:459) ~[spring-webmvc-7.0.7.jar:7.0.7]
	at org.springframework.web.servlet.mvc.method.annotation.RequestMappingHandlerMapping.registerHandlerMethod(RequestMappingHandlerMapping.java:80) ~[spring-webmvc-7.0.7.jar:7.0.7]
	at org.springframework.web.servlet.handler.AbstractHandlerMethodMapping.lambda$detectHandlerMethods$1(AbstractHandlerMethodMapping.java:294) ~[spring-webmvc-7.0.7.jar:7.0.7]
	at java.base/java.util.LinkedHashMap.forEach(LinkedHashMap.java:987) ~[na:na]
	at org.springframework.web.servlet.handler.AbstractHandlerMethodMapping.detectHandlerMethods(AbstractHandlerMethodMapping.java:292) ~[spring-webmvc-7.0.7.jar:7.0.7]
	at org.springframework.web.servlet.handler.AbstractHandlerMethodMapping.processCandidateBean(AbstractHandlerMethodMapping.java:261) ~[spring-webmvc-7.0.7.jar:7.0.7]
	at org.springframework.web.servlet.handler.AbstractHandlerMethodMapping.initHandlerMethods(AbstractHandlerMethodMapping.java:220) ~[spring-webmvc-7.0.7.jar:7.0.7]
	at org.springframework.web.servlet.handler.AbstractHandlerMethodMapping.afterPropertiesSet(AbstractHandlerMethodMapping.java:208) ~[spring-webmvc-7.0.7.jar:7.0.7]
	at org.springframework.web.servlet.mvc.method.annotation.RequestMappingHandlerMapping.afterPropertiesSet(RequestMappingHandlerMapping.java:158) ~[spring-webmvc-7.0.7.jar:7.0.7]
	at org.springframework.beans.factory.support.AbstractAutowireCapableBeanFactory.invokeInitMethods(AbstractAutowireCapableBeanFactory.java:1864) ~[spring-beans-7.0.7.jar:7.0.7]
	at org.springframework.beans.factory.support.AbstractAutowireCapableBeanFactory.initializeBean(AbstractAutowireCapableBeanFactory.java:1813) ~[spring-beans-7.0.7.jar:7.0.7]
	... 18 common frames omitted

2026-06-09T19:56:34.242+08:00  INFO 22876 --- [main] c.i.client.AssessmentApplication         : Starting AssessmentApplication using Java 25.0.3 with PID 22876 (C:\Users\User\IdeaProjects\assessment\target\classes started by User in C:\Users\User\IdeaProjects\assessment)
2026-06-09T19:56:34.244+08:00 DEBUG 22876 --- [main] c.i.client.AssessmentApplication         : Running with Spring Boot v4.0.6, Spring v7.0.7
2026-06-09T19:56:34.245+08:00  INFO 22876 --- [main] c.i.client.AssessmentApplication         : No active profile set, falling back to 1 default profile: "default"
2026-06-09T19:56:34.692+08:00  INFO 22876 --- [main] .s.d.r.c.RepositoryConfigurationDelegate : Bootstrapping Spring Data JPA repositories in DEFAULT mode.
2026-06-09T19:56:34.734+08:00  INFO 22876 --- [main] .s.d.r.c.RepositoryConfigurationDelegate : Finished Spring Data repository scanning in 33 ms. Found 1 JPA repository interface.
2026-06-09T19:56:35.016+08:00  INFO 22876 --- [main] o.s.boot.tomcat.TomcatWebServer          : Tomcat initialized with port 8080 (http)
2026-06-09T19:56:35.025+08:00  INFO 22876 --- [main] o.apache.catalina.core.StandardService   : Starting service [Tomcat]
2026-06-09T19:56:35.025+08:00  INFO 22876 --- [main] o.apache.catalina.core.StandardEngine    : Starting Servlet engine: [Apache Tomcat/11.0.21]
2026-06-09T19:56:35.061+08:00  INFO 22876 --- [main] b.w.c.s.WebApplicationContextInitializer : Root WebApplicationContext: initialization completed in 777 ms
2026-06-09T19:56:35.215+08:00  INFO 22876 --- [main] com.zaxxer.hikari.HikariDataSource       : HikariPool-1 - Starting...
2026-06-09T19:56:35.954+08:00  INFO 22876 --- [main] com.zaxxer.hikari.pool.HikariPool        : HikariPool-1 - Added connection ConnectionID:1 ClientConnectionId: 723409d7-9bb8-4b61-922f-b8d0ed2e376a
2026-06-09T19:56:35.955+08:00  INFO 22876 --- [main] com.zaxxer.hikari.HikariDataSource       : HikariPool-1 - Start completed.
2026-06-09T19:56:35.979+08:00  INFO 22876 --- [main] org.hibernate.orm.jpa                    : HHH008540: Processing PersistenceUnitInfo [name: default]
2026-06-09T19:56:36.011+08:00  INFO 22876 --- [main] org.hibernate.orm.core                   : HHH000001: Hibernate ORM core version 7.2.12.Final
2026-06-09T19:56:36.297+08:00  INFO 22876 --- [main] o.s.o.j.p.SpringPersistenceUnitInfo      : No LoadTimeWeaver setup: ignoring JPA class transformer
2026-06-09T19:56:36.551+08:00  WARN 22876 --- [main] org.hibernate.orm.deprecation            : HHH90000025: SQLServerDialect does not need to be specified explicitly using 'hibernate.dialect' (remove the property setting and it will be selected by default)
2026-06-09T19:56:36.572+08:00  INFO 22876 --- [main] org.hibernate.orm.connections.pooling    : HHH10001005: Database info:
	Database JDBC URL [jdbc:sqlserver://localhost:1433;concatNullYieldsNull=ON;quotedIdentifier=ON;connectRetryInterval=10;connectRetryCount=1;maxResultBuffer=-1;sendTemporalDataTypesAsStringForBulkCopy=true;delayLoadingLobs=true;useFmtOnly=false;vectorTypeSupport=v1;cacheBulkCopyMetadata=false;bulkCopyForBatchInsertAllowEncryptedValueModifications=false;bulkCopyForBatchInsertTableLock=false;bulkCopyForBatchInsertKeepNulls=false;bulkCopyForBatchInsertKeepIdentity=false;bulkCopyForBatchInsertFireTriggers=false;bulkCopyForBatchInsertCheckConstraints=false;bulkCopyForBatchInsertBatchSize=0;useBulkCopyForBatchInsert=false;cancelQueryTimeout=-1;sslProtocol=TLS;calcBigDecimalPrecision=false;useDefaultJaasConfig=false;jaasConfigurationName=SQLJDBCDriver;statementPoolingCacheSize=0;serverPreparedStatementDiscardThreshold=10;enablePrepareOnFirstPreparedStatementCall=false;fips=false;socketTimeout=0;authentication=NotSpecified;authenticationScheme=nativeAuthentication;xopenStates=false;datetimeParameterType=datetime2;sendTimeAsDatetime=true;replication=false;trustStoreType=JKS;trustServerCertificate=true;TransparentNetworkIPResolution=true;iPAddressPreference=IPv4First;serverNameAsACE=false;sendStringParametersAsUnicode=true;selectMethod=direct;responseBuffering=adaptive;queryTimeout=-1;packetSize=8000;multiSubnetFailover=false;loginTimeout=30;lockTimeout=-1;lastUpdateCount=true;useDefaultGSSCredential=false;prepareMethod=prepexec;encrypt=true;disableStatementPooling=true;databaseName=TESTDB;columnEncryptionSetting=Disabled;applicationName=Microsoft JDBC Driver for SQL Server;applicationIntent=readwrite;]
	Database driver: Microsoft JDBC Driver 13.2 for SQL Server
	Database dialect: SQLServerDialect
	Database version: 17.0
	Default catalog/schema: TESTDB/dbo
	Autocommit mode: undefined/unknown
	Isolation level: READ_COMMITTED [default READ_COMMITTED]
	JDBC fetch size: 128
	Pool: DataSourceConnectionProvider
	Minimum pool size: undefined/unknown
	Maximum pool size: undefined/unknown
2026-06-09T19:56:37.184+08:00  INFO 22876 --- [main] org.hibernate.orm.core                   : HHH000489: No JTA platform available (set 'hibernate.transaction.jta.platform' to enable JTA platform integration)
2026-06-09T19:56:37.191+08:00  INFO 22876 --- [main] j.LocalContainerEntityManagerFactoryBean : Initialized JPA EntityManagerFactory for persistence unit 'default'
2026-06-09T19:56:37.239+08:00  INFO 22876 --- [main] o.s.d.j.r.query.QueryEnhancerFactories   : Hibernate is in classpath; If applicable, HQL parser will be used.
2026-06-09T19:56:37.722+08:00  INFO 22876 --- [main] o.s.boot.tomcat.TomcatWebServer          : Tomcat started on port 8080 (http) with context path '/'
2026-06-09T19:56:37.729+08:00  INFO 22876 --- [main] c.i.client.AssessmentApplication         : Started AssessmentApplication in 3.795 seconds (process running for 5.868)
2026-06-09T19:56:58.172+08:00  INFO 22876 --- [http-nio-8080-exec-3] o.a.c.c.C.[Tomcat].[localhost].[/]       : Initializing Spring DispatcherServlet 'dispatcherServlet'
2026-06-09T19:56:58.173+08:00  INFO 22876 --- [http-nio-8080-exec-3] o.s.web.servlet.DispatcherServlet        : Initializing Servlet 'dispatcherServlet'
2026-06-09T19:56:58.177+08:00  INFO 22876 --- [http-nio-8080-exec-3] o.s.web.servlet.DispatcherServlet        : Completed initialization in 4 ms
2026-06-09T19:56:58.216+08:00  INFO 22876 --- [http-nio-8080-exec-3] c.i.client.filter.RequestLoggingFilter   : Incoming Request => Method: GET, URI: /client
2026-06-09T19:56:59.181+08:00  INFO 22876 --- [http-nio-8080-exec-3] c.i.client.filter.RequestLoggingFilter   : Outgoing Response => Status: 200, Duration: 965 ms, Body: {"data":{"first":true,"last":false,"pageNumber":0,"pageSize":10,"records":[{"firstName":"John","id":1,"lastName":"Doe"},{"firstName":"Jane","id":2,"lastName":"Smith"},{"firstName":"Michael","id":3,"lastName":"Johnson"},{"firstName":"Emily","id":4,"lastName":"Davis"},{"firstName":"David","id":5,"lastName":"Brown"},{"firstName":"Sarah","id":6,"lastName":"Miller"},{"firstName":"James","id":7,"lastName":"Wilson"},{"firstName":"Jessica","id":8,"lastName":"Moore"},{"firstName":"Daniel","id":9,"lastName":"Taylor"},{"firstName":"Amanda","id":10,"lastName":"Anderson"}],"totalPages":2,"totalRecords":11},"message":"Clients retrieved successfully","statusCode":200}
2026-06-09T19:58:09.914+08:00  INFO 22876 --- [http-nio-8080-exec-5] c.i.client.filter.RequestLoggingFilter   : Incoming Request => Method: GET, URI: /client
2026-06-09T19:58:09.965+08:00  INFO 22876 --- [http-nio-8080-exec-5] c.i.client.filter.RequestLoggingFilter   : Outgoing Response => Status: 200, Duration: 51 ms, Body: {"data":{"first":true,"last":false,"pageNumber":0,"pageSize":10,"records":[{"firstName":"John","id":1,"lastName":"Doe"},{"firstName":"Jane","id":2,"lastName":"Smith"},{"firstName":"Michael","id":3,"lastName":"Johnson"},{"firstName":"Emily","id":4,"lastName":"Davis"},{"firstName":"David","id":5,"lastName":"Brown"},{"firstName":"Sarah","id":6,"lastName":"Miller"},{"firstName":"James","id":7,"lastName":"Wilson"},{"firstName":"Jessica","id":8,"lastName":"Moore"},{"firstName":"Daniel","id":9,"lastName":"Taylor"},{"firstName":"Amanda","id":10,"lastName":"Anderson"}],"totalPages":2,"totalRecords":11},"message":"Clients retrieved successfully","statusCode":200}
2026-06-09T20:00:18.341+08:00  INFO 22876 --- [http-nio-8080-exec-4] c.i.client.filter.RequestLoggingFilter   : Incoming Request => Method: GET, URI: /client
2026-06-09T20:00:18.401+08:00  INFO 22876 --- [http-nio-8080-exec-4] c.i.client.filter.RequestLoggingFilter   : Outgoing Response => Status: 200, Duration: 60 ms, Body: {"data":{"first":false,"last":true,"pageNumber":2,"pageSize":10,"records":[],"totalPages":2,"totalRecords":11},"message":"Clients retrieved successfully","statusCode":200}
2026-06-09T20:00:38.858+08:00  INFO 22876 --- [http-nio-8080-exec-9] c.i.client.filter.RequestLoggingFilter   : Incoming Request => Method: GET, URI: /client
2026-06-09T20:00:38.894+08:00  INFO 22876 --- [http-nio-8080-exec-9] c.i.client.filter.RequestLoggingFilter   : Outgoing Response => Status: 200, Duration: 36 ms, Body: {"data":{"first":false,"last":true,"pageNumber":1,"pageSize":10,"records":[{"firstName":"Robert","id":11,"lastName":"Thomas"}],"totalPages":2,"totalRecords":11},"message":"Clients retrieved successfully","statusCode":200}
2026-06-09T20:01:11.702+08:00  INFO 22876 --- [http-nio-8080-exec-10] c.i.client.filter.RequestLoggingFilter   : Incoming Request => Method: GET, URI: /client
2026-06-09T20:01:11.755+08:00  INFO 22876 --- [http-nio-8080-exec-10] c.i.client.filter.RequestLoggingFilter   : Outgoing Response => Status: 200, Duration: 53 ms, Body: {"data":{"first":false,"last":true,"pageNumber":1,"pageSize":10,"records":[{"firstName":"Sarah","id":6,"lastName":"Miller"}],"totalPages":2,"totalRecords":11},"message":"Clients retrieved successfully","statusCode":200}
2026-06-09T20:01:30.340+08:00  INFO 22876 --- [http-nio-8080-exec-1] c.i.client.filter.RequestLoggingFilter   : Incoming Request => Method: GET, URI: /client
2026-06-09T20:01:30.368+08:00  INFO 22876 --- [http-nio-8080-exec-1] c.i.client.filter.RequestLoggingFilter   : Outgoing Response => Status: 200, Duration: 28 ms, Body: {"data":{"first":false,"last":true,"pageNumber":1,"pageSize":10,"records":[{"firstName":"Amanda","id":10,"lastName":"Anderson"}],"totalPages":2,"totalRecords":11},"message":"Clients retrieved successfully","statusCode":200}
2026-06-09T20:04:37.488+08:00  INFO 22876 --- [SpringApplicationShutdownHook] o.s.boot.tomcat.GracefulShutdown         : Commencing graceful shutdown. Waiting for active requests to complete
2026-06-09T20:04:37.493+08:00  INFO 22876 --- [tomcat-shutdown] o.s.boot.tomcat.GracefulShutdown         : Graceful shutdown complete
2026-06-09T20:04:37.497+08:00  INFO 22876 --- [SpringApplicationShutdownHook] j.LocalContainerEntityManagerFactoryBean : Closing JPA EntityManagerFactory for persistence unit 'default'
2026-06-09T20:04:37.499+08:00  INFO 22876 --- [SpringApplicationShutdownHook] com.zaxxer.hikari.HikariDataSource       : HikariPool-1 - Shutdown initiated...
2026-06-09T20:04:37.503+08:00  INFO 22876 --- [SpringApplicationShutdownHook] com.zaxxer.hikari.HikariDataSource       : HikariPool-1 - Shutdown completed.
2026-06-09T22:17:56.134+08:00  INFO 13832 --- [main] c.i.client.AssessmentApplication         : Starting AssessmentApplication using Java 25.0.3 with PID 13832 (C:\Users\User\IdeaProjects\assessment\target\classes started by User in C:\Users\User\IdeaProjects\assessment)
2026-06-09T22:17:56.136+08:00 DEBUG 13832 --- [main] c.i.client.AssessmentApplication         : Running with Spring Boot v4.0.6, Spring v7.0.7
2026-06-09T22:17:56.137+08:00  INFO 13832 --- [main] c.i.client.AssessmentApplication         : No active profile set, falling back to 1 default profile: "default"
2026-06-09T22:17:56.867+08:00  INFO 13832 --- [main] .s.d.r.c.RepositoryConfigurationDelegate : Bootstrapping Spring Data JPA repositories in DEFAULT mode.
2026-06-09T22:17:56.932+08:00  INFO 13832 --- [main] .s.d.r.c.RepositoryConfigurationDelegate : Finished Spring Data repository scanning in 55 ms. Found 1 JPA repository interface.
2026-06-09T22:17:57.440+08:00  INFO 13832 --- [main] o.s.boot.tomcat.TomcatWebServer          : Tomcat initialized with port 8080 (http)
2026-06-09T22:17:57.461+08:00  INFO 13832 --- [main] o.apache.catalina.core.StandardService   : Starting service [Tomcat]
2026-06-09T22:17:57.461+08:00  INFO 13832 --- [main] o.apache.catalina.core.StandardEngine    : Starting Servlet engine: [Apache Tomcat/11.0.21]
2026-06-09T22:17:57.524+08:00  INFO 13832 --- [main] b.w.c.s.WebApplicationContextInitializer : Root WebApplicationContext: initialization completed in 1329 ms
2026-06-09T22:17:57.822+08:00  INFO 13832 --- [main] com.zaxxer.hikari.HikariDataSource       : HikariPool-1 - Starting...
2026-06-09T22:17:58.773+08:00  INFO 13832 --- [main] com.zaxxer.hikari.pool.HikariPool        : HikariPool-1 - Added connection ConnectionID:1 ClientConnectionId: c808fc0a-3880-40df-8036-f38aa2445d03
2026-06-09T22:17:58.774+08:00  INFO 13832 --- [main] com.zaxxer.hikari.HikariDataSource       : HikariPool-1 - Start completed.
2026-06-09T22:17:58.814+08:00  INFO 13832 --- [main] org.hibernate.orm.jpa                    : HHH008540: Processing PersistenceUnitInfo [name: default]
2026-06-09T22:17:58.874+08:00  INFO 13832 --- [main] org.hibernate.orm.core                   : HHH000001: Hibernate ORM core version 7.2.12.Final
2026-06-09T22:17:59.306+08:00  INFO 13832 --- [main] o.s.o.j.p.SpringPersistenceUnitInfo      : No LoadTimeWeaver setup: ignoring JPA class transformer
2026-06-09T22:17:59.627+08:00  WARN 13832 --- [main] org.hibernate.orm.deprecation            : HHH90000025: SQLServerDialect does not need to be specified explicitly using 'hibernate.dialect' (remove the property setting and it will be selected by default)
2026-06-09T22:17:59.646+08:00  INFO 13832 --- [main] org.hibernate.orm.connections.pooling    : HHH10001005: Database info:
	Database JDBC URL [jdbc:sqlserver://localhost:1433;concatNullYieldsNull=ON;quotedIdentifier=ON;connectRetryInterval=10;connectRetryCount=1;maxResultBuffer=-1;sendTemporalDataTypesAsStringForBulkCopy=true;delayLoadingLobs=true;useFmtOnly=false;vectorTypeSupport=v1;cacheBulkCopyMetadata=false;bulkCopyForBatchInsertAllowEncryptedValueModifications=false;bulkCopyForBatchInsertTableLock=false;bulkCopyForBatchInsertKeepNulls=false;bulkCopyForBatchInsertKeepIdentity=false;bulkCopyForBatchInsertFireTriggers=false;bulkCopyForBatchInsertCheckConstraints=false;bulkCopyForBatchInsertBatchSize=0;useBulkCopyForBatchInsert=false;cancelQueryTimeout=-1;sslProtocol=TLS;calcBigDecimalPrecision=false;useDefaultJaasConfig=false;jaasConfigurationName=SQLJDBCDriver;statementPoolingCacheSize=0;serverPreparedStatementDiscardThreshold=10;enablePrepareOnFirstPreparedStatementCall=false;fips=false;socketTimeout=0;authentication=NotSpecified;authenticationScheme=nativeAuthentication;xopenStates=false;datetimeParameterType=datetime2;sendTimeAsDatetime=true;replication=false;trustStoreType=JKS;trustServerCertificate=true;TransparentNetworkIPResolution=true;iPAddressPreference=IPv4First;serverNameAsACE=false;sendStringParametersAsUnicode=true;selectMethod=direct;responseBuffering=adaptive;queryTimeout=-1;packetSize=8000;multiSubnetFailover=false;loginTimeout=30;lockTimeout=-1;lastUpdateCount=true;useDefaultGSSCredential=false;prepareMethod=prepexec;encrypt=true;disableStatementPooling=true;databaseName=TESTDB;columnEncryptionSetting=Disabled;applicationName=Microsoft JDBC Driver for SQL Server;applicationIntent=readwrite;]
	Database driver: Microsoft JDBC Driver 13.2 for SQL Server
	Database dialect: SQLServerDialect
	Database version: 17.0
	Default catalog/schema: TESTDB/dbo
	Autocommit mode: undefined/unknown
	Isolation level: READ_COMMITTED [default READ_COMMITTED]
	JDBC fetch size: 128
	Pool: DataSourceConnectionProvider
	Minimum pool size: undefined/unknown
	Maximum pool size: undefined/unknown
2026-06-09T22:18:00.706+08:00  INFO 13832 --- [main] org.hibernate.orm.core                   : HHH000489: No JTA platform available (set 'hibernate.transaction.jta.platform' to enable JTA platform integration)
2026-06-09T22:18:00.712+08:00  INFO 13832 --- [main] j.LocalContainerEntityManagerFactoryBean : Initialized JPA EntityManagerFactory for persistence unit 'default'
2026-06-09T22:18:00.792+08:00  INFO 13832 --- [main] o.s.d.j.r.query.QueryEnhancerFactories   : Hibernate is in classpath; If applicable, HQL parser will be used.
2026-06-09T22:18:01.384+08:00  INFO 13832 --- [main] o.s.boot.tomcat.TomcatWebServer          : Tomcat started on port 8080 (http) with context path '/'
2026-06-09T22:18:01.389+08:00  INFO 13832 --- [main] c.i.client.AssessmentApplication         : Started AssessmentApplication in 5.646 seconds (process running for 7.803)
2026-06-09T22:19:04.673+08:00  INFO 13832 --- [SpringApplicationShutdownHook] o.s.boot.tomcat.GracefulShutdown         : Commencing graceful shutdown. Waiting for active requests to complete
2026-06-09T22:19:04.682+08:00  INFO 13832 --- [tomcat-shutdown] o.s.boot.tomcat.GracefulShutdown         : Graceful shutdown complete
2026-06-09T22:19:04.686+08:00  INFO 13832 --- [SpringApplicationShutdownHook] j.LocalContainerEntityManagerFactoryBean : Closing JPA EntityManagerFactory for persistence unit 'default'
2026-06-09T22:19:04.689+08:00  INFO 13832 --- [SpringApplicationShutdownHook] com.zaxxer.hikari.HikariDataSource       : HikariPool-1 - Shutdown initiated...
2026-06-09T22:19:04.694+08:00  INFO 13832 --- [SpringApplicationShutdownHook] com.zaxxer.hikari.HikariDataSource       : HikariPool-1 - Shutdown completed.
2026-06-09T22:21:08.628+08:00  INFO 2996 --- [main] c.i.client.AssessmentApplication         : Starting AssessmentApplication using Java 25.0.3 with PID 2996 (C:\Users\User\IdeaProjects\assessment\target\classes started by User in C:\Users\User\IdeaProjects\assessment)
2026-06-09T22:21:08.631+08:00 DEBUG 2996 --- [main] c.i.client.AssessmentApplication         : Running with Spring Boot v4.0.6, Spring v7.0.7
2026-06-09T22:21:08.632+08:00  INFO 2996 --- [main] c.i.client.AssessmentApplication         : No active profile set, falling back to 1 default profile: "default"
2026-06-09T22:21:09.079+08:00  INFO 2996 --- [main] .s.d.r.c.RepositoryConfigurationDelegate : Bootstrapping Spring Data JPA repositories in DEFAULT mode.
2026-06-09T22:21:09.115+08:00  INFO 2996 --- [main] .s.d.r.c.RepositoryConfigurationDelegate : Finished Spring Data repository scanning in 30 ms. Found 1 JPA repository interface.
2026-06-09T22:21:09.391+08:00  INFO 2996 --- [main] o.s.boot.tomcat.TomcatWebServer          : Tomcat initialized with port 8080 (http)
2026-06-09T22:21:09.399+08:00  INFO 2996 --- [main] o.apache.catalina.core.StandardService   : Starting service [Tomcat]
2026-06-09T22:21:09.400+08:00  INFO 2996 --- [main] o.apache.catalina.core.StandardEngine    : Starting Servlet engine: [Apache Tomcat/11.0.21]
2026-06-09T22:21:09.432+08:00  INFO 2996 --- [main] b.w.c.s.WebApplicationContextInitializer : Root WebApplicationContext: initialization completed in 760 ms
2026-06-09T22:21:09.576+08:00  INFO 2996 --- [main] com.zaxxer.hikari.HikariDataSource       : HikariPool-1 - Starting...
2026-06-09T22:21:10.331+08:00  INFO 2996 --- [main] com.zaxxer.hikari.pool.HikariPool        : HikariPool-1 - Added connection ConnectionID:1 ClientConnectionId: 2704937d-f77e-4ea5-abef-5cf4ded16798
2026-06-09T22:21:10.332+08:00  INFO 2996 --- [main] com.zaxxer.hikari.HikariDataSource       : HikariPool-1 - Start completed.
2026-06-09T22:21:10.356+08:00  INFO 2996 --- [main] org.hibernate.orm.jpa                    : HHH008540: Processing PersistenceUnitInfo [name: default]
2026-06-09T22:21:10.385+08:00  INFO 2996 --- [main] org.hibernate.orm.core                   : HHH000001: Hibernate ORM core version 7.2.12.Final
2026-06-09T22:21:10.665+08:00  INFO 2996 --- [main] o.s.o.j.p.SpringPersistenceUnitInfo      : No LoadTimeWeaver setup: ignoring JPA class transformer
2026-06-09T22:21:10.994+08:00  WARN 2996 --- [main] org.hibernate.orm.deprecation            : HHH90000025: SQLServerDialect does not need to be specified explicitly using 'hibernate.dialect' (remove the property setting and it will be selected by default)
2026-06-09T22:21:11.011+08:00  INFO 2996 --- [main] org.hibernate.orm.connections.pooling    : HHH10001005: Database info:
	Database JDBC URL [jdbc:sqlserver://localhost:1433;concatNullYieldsNull=ON;quotedIdentifier=ON;connectRetryInterval=10;connectRetryCount=1;maxResultBuffer=-1;sendTemporalDataTypesAsStringForBulkCopy=true;delayLoadingLobs=true;useFmtOnly=false;vectorTypeSupport=v1;cacheBulkCopyMetadata=false;bulkCopyForBatchInsertAllowEncryptedValueModifications=false;bulkCopyForBatchInsertTableLock=false;bulkCopyForBatchInsertKeepNulls=false;bulkCopyForBatchInsertKeepIdentity=false;bulkCopyForBatchInsertFireTriggers=false;bulkCopyForBatchInsertCheckConstraints=false;bulkCopyForBatchInsertBatchSize=0;useBulkCopyForBatchInsert=false;cancelQueryTimeout=-1;sslProtocol=TLS;calcBigDecimalPrecision=false;useDefaultJaasConfig=false;jaasConfigurationName=SQLJDBCDriver;statementPoolingCacheSize=0;serverPreparedStatementDiscardThreshold=10;enablePrepareOnFirstPreparedStatementCall=false;fips=false;socketTimeout=0;authentication=NotSpecified;authenticationScheme=nativeAuthentication;xopenStates=false;datetimeParameterType=datetime2;sendTimeAsDatetime=true;replication=false;trustStoreType=JKS;trustServerCertificate=true;TransparentNetworkIPResolution=true;iPAddressPreference=IPv4First;serverNameAsACE=false;sendStringParametersAsUnicode=true;selectMethod=direct;responseBuffering=adaptive;queryTimeout=-1;packetSize=8000;multiSubnetFailover=false;loginTimeout=30;lockTimeout=-1;lastUpdateCount=true;useDefaultGSSCredential=false;prepareMethod=prepexec;encrypt=true;disableStatementPooling=true;databaseName=TESTDB;columnEncryptionSetting=Disabled;applicationName=Microsoft JDBC Driver for SQL Server;applicationIntent=readwrite;]
	Database driver: Microsoft JDBC Driver 13.2 for SQL Server
	Database dialect: SQLServerDialect
	Database version: 17.0
	Default catalog/schema: TESTDB/dbo
	Autocommit mode: undefined/unknown
	Isolation level: READ_COMMITTED [default READ_COMMITTED]
	JDBC fetch size: 128
	Pool: DataSourceConnectionProvider
	Minimum pool size: undefined/unknown
	Maximum pool size: undefined/unknown
2026-06-09T22:21:11.563+08:00  INFO 2996 --- [main] org.hibernate.orm.core                   : HHH000489: No JTA platform available (set 'hibernate.transaction.jta.platform' to enable JTA platform integration)
2026-06-09T22:21:11.568+08:00  INFO 2996 --- [main] j.LocalContainerEntityManagerFactoryBean : Initialized JPA EntityManagerFactory for persistence unit 'default'
2026-06-09T22:21:11.615+08:00  INFO 2996 --- [main] o.s.d.j.r.query.QueryEnhancerFactories   : Hibernate is in classpath; If applicable, HQL parser will be used.
2026-06-09T22:21:11.999+08:00  INFO 2996 --- [main] o.s.boot.tomcat.TomcatWebServer          : Tomcat started on port 8080 (http) with context path '/'
2026-06-09T22:21:12.004+08:00  INFO 2996 --- [main] c.i.client.AssessmentApplication         : Started AssessmentApplication in 3.743 seconds (process running for 4.328)
2026-06-09T22:21:29.717+08:00  INFO 2996 --- [http-nio-8080-exec-1] o.a.c.c.C.[Tomcat].[localhost].[/]       : Initializing Spring DispatcherServlet 'dispatcherServlet'
2026-06-09T22:21:29.717+08:00  INFO 2996 --- [http-nio-8080-exec-1] o.s.web.servlet.DispatcherServlet        : Initializing Servlet 'dispatcherServlet'
2026-06-09T22:21:29.719+08:00  INFO 2996 --- [http-nio-8080-exec-1] o.s.web.servlet.DispatcherServlet        : Completed initialization in 2 ms
2026-06-09T22:21:29.735+08:00  INFO 2996 --- [http-nio-8080-exec-1] c.i.client.filter.RequestLoggingFilter   : Incoming Request => Method: POST, URI: /mock/verify
2026-06-09T22:21:30.133+08:00  INFO 2996 --- [http-nio-8080-exec-1] c.i.client.filter.RequestLoggingFilter   : Outgoing Response => Status: 200, Duration: 397 ms, Body: {"message":"Verification Successful","riskLevel":"LOW","score":750,"status":"PASS"}
2026-06-09T22:21:43.399+08:00  INFO 2996 --- [http-nio-8080-exec-4] c.i.client.filter.RequestLoggingFilter   : Incoming Request => Method: POST, URI: /mock/verify
2026-06-09T22:21:43.403+08:00  INFO 2996 --- [http-nio-8080-exec-4] c.i.client.filter.RequestLoggingFilter   : Outgoing Response => Status: 200, Duration: 4 ms, Body: {"message":"Verification Failed","riskLevel":"HIGH","score":350,"status":"FAIL"}
2026-06-09T22:37:16.883+08:00  INFO 2996 --- [SpringApplicationShutdownHook] o.s.boot.tomcat.GracefulShutdown         : Commencing graceful shutdown. Waiting for active requests to complete
2026-06-09T22:37:16.892+08:00  INFO 2996 --- [tomcat-shutdown] o.s.boot.tomcat.GracefulShutdown         : Graceful shutdown complete
2026-06-09T22:37:16.897+08:00  INFO 2996 --- [SpringApplicationShutdownHook] j.LocalContainerEntityManagerFactoryBean : Closing JPA EntityManagerFactory for persistence unit 'default'
2026-06-09T22:37:16.900+08:00  INFO 2996 --- [SpringApplicationShutdownHook] com.zaxxer.hikari.HikariDataSource       : HikariPool-1 - Shutdown initiated...
2026-06-09T22:37:16.906+08:00  INFO 2996 --- [SpringApplicationShutdownHook] com.zaxxer.hikari.HikariDataSource       : HikariPool-1 - Shutdown completed.
2026-06-09T22:37:41.520+08:00  INFO 11244 --- [main] c.i.client.AssessmentApplication         : Starting AssessmentApplication using Java 25.0.3 with PID 11244 (C:\Users\User\IdeaProjects\assessment\target\classes started by User in C:\Users\User\IdeaProjects\assessment)
2026-06-09T22:37:41.523+08:00 DEBUG 11244 --- [main] c.i.client.AssessmentApplication         : Running with Spring Boot v4.0.6, Spring v7.0.7
2026-06-09T22:37:41.525+08:00  INFO 11244 --- [main] c.i.client.AssessmentApplication         : No active profile set, falling back to 1 default profile: "default"
2026-06-09T22:37:42.081+08:00  INFO 11244 --- [main] .s.d.r.c.RepositoryConfigurationDelegate : Bootstrapping Spring Data JPA repositories in DEFAULT mode.
2026-06-09T22:37:42.122+08:00  INFO 11244 --- [main] .s.d.r.c.RepositoryConfigurationDelegate : Finished Spring Data repository scanning in 33 ms. Found 1 JPA repository interface.
2026-06-09T22:37:42.474+08:00  INFO 11244 --- [main] o.s.boot.tomcat.TomcatWebServer          : Tomcat initialized with port 8080 (http)
2026-06-09T22:37:42.487+08:00  INFO 11244 --- [main] o.apache.catalina.core.StandardService   : Starting service [Tomcat]
2026-06-09T22:37:42.487+08:00  INFO 11244 --- [main] o.apache.catalina.core.StandardEngine    : Starting Servlet engine: [Apache Tomcat/11.0.21]
2026-06-09T22:37:42.534+08:00  INFO 11244 --- [main] b.w.c.s.WebApplicationContextInitializer : Root WebApplicationContext: initialization completed in 955 ms
2026-06-09T22:37:42.695+08:00  INFO 11244 --- [main] com.zaxxer.hikari.HikariDataSource       : HikariPool-1 - Starting...
2026-06-09T22:37:43.497+08:00  INFO 11244 --- [main] com.zaxxer.hikari.pool.HikariPool        : HikariPool-1 - Added connection ConnectionID:1 ClientConnectionId: 76581834-ed9a-4a14-9dd2-c1987dc1f1e9
2026-06-09T22:37:43.499+08:00  INFO 11244 --- [main] com.zaxxer.hikari.HikariDataSource       : HikariPool-1 - Start completed.
2026-06-09T22:37:43.526+08:00  INFO 11244 --- [main] org.hibernate.orm.jpa                    : HHH008540: Processing PersistenceUnitInfo [name: default]
2026-06-09T22:37:43.577+08:00  INFO 11244 --- [main] org.hibernate.orm.core                   : HHH000001: Hibernate ORM core version 7.2.12.Final
2026-06-09T22:37:43.985+08:00  INFO 11244 --- [main] o.s.o.j.p.SpringPersistenceUnitInfo      : No LoadTimeWeaver setup: ignoring JPA class transformer
2026-06-09T22:37:44.300+08:00  WARN 11244 --- [main] org.hibernate.orm.deprecation            : HHH90000025: SQLServerDialect does not need to be specified explicitly using 'hibernate.dialect' (remove the property setting and it will be selected by default)
2026-06-09T22:37:44.325+08:00  INFO 11244 --- [main] org.hibernate.orm.connections.pooling    : HHH10001005: Database info:
	Database JDBC URL [jdbc:sqlserver://localhost:1433;concatNullYieldsNull=ON;quotedIdentifier=ON;connectRetryInterval=10;connectRetryCount=1;maxResultBuffer=-1;sendTemporalDataTypesAsStringForBulkCopy=true;delayLoadingLobs=true;useFmtOnly=false;vectorTypeSupport=v1;cacheBulkCopyMetadata=false;bulkCopyForBatchInsertAllowEncryptedValueModifications=false;bulkCopyForBatchInsertTableLock=false;bulkCopyForBatchInsertKeepNulls=false;bulkCopyForBatchInsertKeepIdentity=false;bulkCopyForBatchInsertFireTriggers=false;bulkCopyForBatchInsertCheckConstraints=false;bulkCopyForBatchInsertBatchSize=0;useBulkCopyForBatchInsert=false;cancelQueryTimeout=-1;sslProtocol=TLS;calcBigDecimalPrecision=false;useDefaultJaasConfig=false;jaasConfigurationName=SQLJDBCDriver;statementPoolingCacheSize=0;serverPreparedStatementDiscardThreshold=10;enablePrepareOnFirstPreparedStatementCall=false;fips=false;socketTimeout=0;authentication=NotSpecified;authenticationScheme=nativeAuthentication;xopenStates=false;datetimeParameterType=datetime2;sendTimeAsDatetime=true;replication=false;trustStoreType=JKS;trustServerCertificate=true;TransparentNetworkIPResolution=true;iPAddressPreference=IPv4First;serverNameAsACE=false;sendStringParametersAsUnicode=true;selectMethod=direct;responseBuffering=adaptive;queryTimeout=-1;packetSize=8000;multiSubnetFailover=false;loginTimeout=30;lockTimeout=-1;lastUpdateCount=true;useDefaultGSSCredential=false;prepareMethod=prepexec;encrypt=true;disableStatementPooling=true;databaseName=TESTDB;columnEncryptionSetting=Disabled;applicationName=Microsoft JDBC Driver for SQL Server;applicationIntent=readwrite;]
	Database driver: Microsoft JDBC Driver 13.2 for SQL Server
	Database dialect: SQLServerDialect
	Database version: 17.0
	Default catalog/schema: TESTDB/dbo
	Autocommit mode: undefined/unknown
	Isolation level: READ_COMMITTED [default READ_COMMITTED]
	JDBC fetch size: 128
	Pool: DataSourceConnectionProvider
	Minimum pool size: undefined/unknown
	Maximum pool size: undefined/unknown
2026-06-09T22:37:45.096+08:00  INFO 11244 --- [main] org.hibernate.orm.core                   : HHH000489: No JTA platform available (set 'hibernate.transaction.jta.platform' to enable JTA platform integration)
2026-06-09T22:37:45.104+08:00  INFO 11244 --- [main] j.LocalContainerEntityManagerFactoryBean : Initialized JPA EntityManagerFactory for persistence unit 'default'
2026-06-09T22:37:45.197+08:00  INFO 11244 --- [main] o.s.d.j.r.query.QueryEnhancerFactories   : Hibernate is in classpath; If applicable, HQL parser will be used.
2026-06-09T22:37:45.799+08:00  INFO 11244 --- [main] o.s.boot.tomcat.TomcatWebServer          : Tomcat started on port 8080 (http) with context path '/'
2026-06-09T22:37:45.805+08:00  INFO 11244 --- [main] c.i.client.AssessmentApplication         : Started AssessmentApplication in 4.766 seconds (process running for 5.542)
2026-06-09T22:40:45.091+08:00  INFO 11244 --- [http-nio-8080-exec-2] o.a.c.c.C.[Tomcat].[localhost].[/]       : Initializing Spring DispatcherServlet 'dispatcherServlet'
2026-06-09T22:40:45.092+08:00  INFO 11244 --- [http-nio-8080-exec-2] o.s.web.servlet.DispatcherServlet        : Initializing Servlet 'dispatcherServlet'
2026-06-09T22:40:45.096+08:00  INFO 11244 --- [http-nio-8080-exec-2] o.s.web.servlet.DispatcherServlet        : Completed initialization in 3 ms
2026-06-09T22:40:45.122+08:00  INFO 11244 --- [http-nio-8080-exec-2] c.i.client.filter.RequestLoggingFilter   : Incoming Request => Method: POST, URI: /mock/verify
2026-06-09T22:40:45.547+08:00  INFO 11244 --- [http-nio-8080-exec-2] c.i.client.filter.RequestLoggingFilter   : Outgoing Response => Status: 200, Duration: 426 ms, Body: {"message":"Verification Failed","riskLevel":"HIGH","score":350,"status":"FAIL"}
2026-06-09T22:40:53.340+08:00  INFO 11244 --- [http-nio-8080-exec-3] c.i.client.filter.RequestLoggingFilter   : Incoming Request => Method: POST, URI: /mock/verify
2026-06-09T22:40:53.345+08:00  INFO 11244 --- [http-nio-8080-exec-3] c.i.client.filter.RequestLoggingFilter   : Outgoing Response => Status: 200, Duration: 5 ms, Body: {"message":"Verification Successful","riskLevel":"LOW","score":750,"status":"PASS"}
2026-06-09T22:41:31.728+08:00  INFO 11244 --- [http-nio-8080-exec-4] c.i.client.filter.RequestLoggingFilter   : Incoming Request => Method: POST, URI: /client
2026-06-09T22:41:31.944+08:00  INFO 11244 --- [http-nio-8080-exec-4] c.i.c.Service.VerificationClientService  : Calling Verification API for IC=080201106234
2026-06-09T22:41:32.210+08:00  INFO 11244 --- [http-nio-8080-exec-5] c.i.client.filter.RequestLoggingFilter   : Incoming Request => Method: POST, URI: /mock/verify
2026-06-09T22:41:32.223+08:00  INFO 11244 --- [http-nio-8080-exec-5] c.i.client.filter.RequestLoggingFilter   : Outgoing Response => Status: 200, Duration: 14 ms, Body: {"message":"Verification Failed","riskLevel":"HIGH","score":350,"status":"FAIL"}
2026-06-09T22:41:32.300+08:00  INFO 11244 --- [http-nio-8080-exec-4] c.i.c.Service.VerificationClientService  : Verification Response=VerificationResponse(status=FAIL, score=350, riskLevel=HIGH, message=Verification Failed)
2026-06-09T22:41:32.346+08:00 ERROR 11244 --- [http-nio-8080-exec-4] o.a.c.c.C.[.[.[/].[dispatcherServlet]    : Servlet.service() for servlet [dispatcherServlet] in context with path [] threw exception [Request processing failed: java.lang.RuntimeException: Client verification failed. Risk Level: HIGH] with root cause

java.lang.RuntimeException: Client verification failed. Risk Level: HIGH
	at com.interview.client.Service.ClientService.insertClient(ClientService.java:41) ~[classes/:na]
	at java.base/jdk.internal.reflect.DirectMethodHandleAccessor.invoke(DirectMethodHandleAccessor.java:104) ~[na:na]
	at java.base/java.lang.reflect.Method.invoke(Method.java:565) ~[na:na]
	at org.springframework.aop.support.AopUtils.invokeJoinpointUsingReflection(AopUtils.java:359) ~[spring-aop-7.0.7.jar:7.0.7]
	at org.springframework.aop.framework.ReflectiveMethodInvocation.invokeJoinpoint(ReflectiveMethodInvocation.java:190) ~[spring-aop-7.0.7.jar:7.0.7]
	at org.springframework.aop.framework.ReflectiveMethodInvocation.proceed(ReflectiveMethodInvocation.java:158) ~[spring-aop-7.0.7.jar:7.0.7]
	at org.springframework.transaction.interceptor.TransactionInterceptor$1.proceedWithInvocation(TransactionInterceptor.java:133) ~[spring-tx-7.0.7.jar:7.0.7]
	at org.springframework.transaction.interceptor.TransactionAspectSupport.invokeWithinTransaction(TransactionAspectSupport.java:371) ~[spring-tx-7.0.7.jar:7.0.7]
	at org.springframework.transaction.interceptor.TransactionInterceptor.invoke(TransactionInterceptor.java:130) ~[spring-tx-7.0.7.jar:7.0.7]
	at org.springframework.aop.framework.ReflectiveMethodInvocation.proceed(ReflectiveMethodInvocation.java:179) ~[spring-aop-7.0.7.jar:7.0.7]
	at org.springframework.aop.framework.CglibAopProxy$DynamicAdvisedInterceptor.intercept(CglibAopProxy.java:719) ~[spring-aop-7.0.7.jar:7.0.7]
	at com.interview.client.Service.ClientService$$SpringCGLIB$$0.insertClient(<generated>) ~[classes/:na]
	at com.interview.client.Controller.ClientController.insertClient(ClientController.java:19) ~[classes/:na]
	at java.base/jdk.internal.reflect.DirectMethodHandleAccessor.invoke(DirectMethodHandleAccessor.java:104) ~[na:na]
	at java.base/java.lang.reflect.Method.invoke(Method.java:565) ~[na:na]
	at org.springframework.web.method.support.InvocableHandlerMethod.doInvoke(InvocableHandlerMethod.java:252) ~[spring-web-7.0.7.jar:7.0.7]
	at org.springframework.web.method.support.InvocableHandlerMethod.invokeForRequest(InvocableHandlerMethod.java:184) ~[spring-web-7.0.7.jar:7.0.7]
	at org.springframework.web.servlet.mvc.method.annotation.ServletInvocableHandlerMethod.invokeAndHandle(ServletInvocableHandlerMethod.java:117) ~[spring-webmvc-7.0.7.jar:7.0.7]
	at org.springframework.web.servlet.mvc.method.annotation.RequestMappingHandlerAdapter.invokeHandlerMethod(RequestMappingHandlerAdapter.java:934) ~[spring-webmvc-7.0.7.jar:7.0.7]
	at org.springframework.web.servlet.mvc.method.annotation.RequestMappingHandlerAdapter.handleInternal(RequestMappingHandlerAdapter.java:853) ~[spring-webmvc-7.0.7.jar:7.0.7]
	at org.springframework.web.servlet.mvc.method.AbstractHandlerMethodAdapter.handle(AbstractHandlerMethodAdapter.java:86) ~[spring-webmvc-7.0.7.jar:7.0.7]
	at org.springframework.web.servlet.DispatcherServlet.doDispatch(DispatcherServlet.java:963) ~[spring-webmvc-7.0.7.jar:7.0.7]
	at org.springframework.web.servlet.DispatcherServlet.doService(DispatcherServlet.java:866) ~[spring-webmvc-7.0.7.jar:7.0.7]
	at org.springframework.web.servlet.FrameworkServlet.processRequest(FrameworkServlet.java:1000) ~[spring-webmvc-7.0.7.jar:7.0.7]
	at org.springframework.web.servlet.FrameworkServlet.doPost(FrameworkServlet.java:903) ~[spring-webmvc-7.0.7.jar:7.0.7]
	at jakarta.servlet.http.HttpServlet.service(HttpServlet.java:649) ~[tomcat-embed-core-11.0.21.jar:6.1]
	at org.springframework.web.servlet.FrameworkServlet.service(FrameworkServlet.java:874) ~[spring-webmvc-7.0.7.jar:7.0.7]
	at jakarta.servlet.http.HttpServlet.service(HttpServlet.java:710) ~[tomcat-embed-core-11.0.21.jar:6.1]
	at org.apache.catalina.core.ApplicationFilterChain.doFilter(ApplicationFilterChain.java:128) ~[tomcat-embed-core-11.0.21.jar:11.0.21]
	at org.apache.tomcat.websocket.server.WsFilter.doFilter(WsFilter.java:53) ~[tomcat-embed-websocket-11.0.21.jar:11.0.21]
	at org.apache.catalina.core.ApplicationFilterChain.doFilter(ApplicationFilterChain.java:107) ~[tomcat-embed-core-11.0.21.jar:11.0.21]
	at com.interview.client.filter.RequestLoggingFilter.doFilter(RequestLoggingFilter.java:38) ~[classes/:na]
	at org.apache.catalina.core.ApplicationFilterChain.doFilter(ApplicationFilterChain.java:107) ~[tomcat-embed-core-11.0.21.jar:11.0.21]
	at org.springframework.web.filter.RequestContextFilter.doFilterInternal(RequestContextFilter.java:100) ~[spring-web-7.0.7.jar:7.0.7]
	at org.springframework.web.filter.OncePerRequestFilter.doFilter(OncePerRequestFilter.java:116) ~[spring-web-7.0.7.jar:7.0.7]
	at org.apache.catalina.core.ApplicationFilterChain.doFilter(ApplicationFilterChain.java:107) ~[tomcat-embed-core-11.0.21.jar:11.0.21]
	at org.springframework.web.filter.FormContentFilter.doFilterInternal(FormContentFilter.java:93) ~[spring-web-7.0.7.jar:7.0.7]
	at org.springframework.web.filter.OncePerRequestFilter.doFilter(OncePerRequestFilter.java:116) ~[spring-web-7.0.7.jar:7.0.7]
	at org.apache.catalina.core.ApplicationFilterChain.doFilter(ApplicationFilterChain.java:107) ~[tomcat-embed-core-11.0.21.jar:11.0.21]
	at org.springframework.web.filter.CharacterEncodingFilter.doFilterInternal(CharacterEncodingFilter.java:199) ~[spring-web-7.0.7.jar:7.0.7]
	at org.springframework.web.filter.OncePerRequestFilter.doFilter(OncePerRequestFilter.java:116) ~[spring-web-7.0.7.jar:7.0.7]
	at org.apache.catalina.core.ApplicationFilterChain.doFilter(ApplicationFilterChain.java:107) ~[tomcat-embed-core-11.0.21.jar:11.0.21]
	at org.apache.catalina.core.StandardWrapperValve.invoke(StandardWrapperValve.java:165) ~[tomcat-embed-core-11.0.21.jar:11.0.21]
	at org.apache.catalina.core.StandardContextValve.invoke(StandardContextValve.java:77) ~[tomcat-embed-core-11.0.21.jar:11.0.21]
	at org.apache.catalina.authenticator.AuthenticatorBase.invoke(AuthenticatorBase.java:492) ~[tomcat-embed-core-11.0.21.jar:11.0.21]
	at org.apache.catalina.core.StandardHostValve.invoke(StandardHostValve.java:113) ~[tomcat-embed-core-11.0.21.jar:11.0.21]
	at org.apache.catalina.valves.ErrorReportValve.invoke(ErrorReportValve.java:83) ~[tomcat-embed-core-11.0.21.jar:11.0.21]
	at org.apache.catalina.core.StandardEngineValve.invoke(StandardEngineValve.java:72) ~[tomcat-embed-core-11.0.21.jar:11.0.21]
	at org.apache.catalina.connector.CoyoteAdapter.service(CoyoteAdapter.java:341) ~[tomcat-embed-core-11.0.21.jar:11.0.21]
	at org.apache.coyote.http11.Http11Processor.service(Http11Processor.java:397) ~[tomcat-embed-core-11.0.21.jar:11.0.21]
	at org.apache.coyote.AbstractProcessorLight.process(AbstractProcessorLight.java:63) ~[tomcat-embed-core-11.0.21.jar:11.0.21]
	at org.apache.coyote.AbstractProtocol$ConnectionHandler.process(AbstractProtocol.java:903) ~[tomcat-embed-core-11.0.21.jar:11.0.21]
	at org.apache.tomcat.util.net.NioEndpoint$SocketProcessor.doRun(NioEndpoint.java:1801) ~[tomcat-embed-core-11.0.21.jar:11.0.21]
	at org.apache.tomcat.util.net.SocketProcessorBase.run(SocketProcessorBase.java:52) ~[tomcat-embed-core-11.0.21.jar:11.0.21]
	at org.apache.tomcat.util.threads.ThreadPoolExecutor.runWorker(ThreadPoolExecutor.java:946) ~[tomcat-embed-core-11.0.21.jar:11.0.21]
	at org.apache.tomcat.util.threads.ThreadPoolExecutor$Worker.run(ThreadPoolExecutor.java:480) ~[tomcat-embed-core-11.0.21.jar:11.0.21]
	at org.apache.tomcat.util.threads.TaskThread$WrappingRunnable.run(TaskThread.java:57) ~[tomcat-embed-core-11.0.21.jar:11.0.21]
	at java.base/java.lang.Thread.run(Thread.java:1474) ~[na:na]

2026-06-09T22:45:28.335+08:00  INFO 11244 --- [SpringApplicationShutdownHook] o.s.boot.tomcat.GracefulShutdown         : Commencing graceful shutdown. Waiting for active requests to complete
2026-06-09T22:45:28.342+08:00  INFO 11244 --- [tomcat-shutdown] o.s.boot.tomcat.GracefulShutdown         : Graceful shutdown complete
2026-06-09T22:45:28.347+08:00  INFO 11244 --- [SpringApplicationShutdownHook] j.LocalContainerEntityManagerFactoryBean : Closing JPA EntityManagerFactory for persistence unit 'default'
2026-06-09T22:45:28.349+08:00  INFO 11244 --- [SpringApplicationShutdownHook] com.zaxxer.hikari.HikariDataSource       : HikariPool-1 - Shutdown initiated...
2026-06-09T22:45:28.354+08:00  INFO 11244 --- [SpringApplicationShutdownHook] com.zaxxer.hikari.HikariDataSource       : HikariPool-1 - Shutdown completed.
2026-06-09T22:45:41.045+08:00  INFO 32452 --- [main] c.i.client.AssessmentApplication         : Starting AssessmentApplication using Java 25.0.3 with PID 32452 (C:\Users\User\IdeaProjects\assessment\target\classes started by User in C:\Users\User\IdeaProjects\assessment)
2026-06-09T22:45:41.047+08:00 DEBUG 32452 --- [main] c.i.client.AssessmentApplication         : Running with Spring Boot v4.0.6, Spring v7.0.7
2026-06-09T22:45:41.048+08:00  INFO 32452 --- [main] c.i.client.AssessmentApplication         : No active profile set, falling back to 1 default profile: "default"
2026-06-09T22:45:41.585+08:00  INFO 32452 --- [main] .s.d.r.c.RepositoryConfigurationDelegate : Bootstrapping Spring Data JPA repositories in DEFAULT mode.
2026-06-09T22:45:41.624+08:00  INFO 32452 --- [main] .s.d.r.c.RepositoryConfigurationDelegate : Finished Spring Data repository scanning in 33 ms. Found 1 JPA repository interface.
2026-06-09T22:45:42.020+08:00  INFO 32452 --- [main] o.s.boot.tomcat.TomcatWebServer          : Tomcat initialized with port 8080 (http)
2026-06-09T22:45:42.051+08:00  INFO 32452 --- [main] o.apache.catalina.core.StandardService   : Starting service [Tomcat]
2026-06-09T22:45:42.052+08:00  INFO 32452 --- [main] o.apache.catalina.core.StandardEngine    : Starting Servlet engine: [Apache Tomcat/11.0.21]
2026-06-09T22:45:42.128+08:00  INFO 32452 --- [main] b.w.c.s.WebApplicationContextInitializer : Root WebApplicationContext: initialization completed in 1032 ms
2026-06-09T22:45:42.442+08:00  INFO 32452 --- [main] com.zaxxer.hikari.HikariDataSource       : HikariPool-1 - Starting...
2026-06-09T22:45:43.283+08:00  INFO 32452 --- [main] com.zaxxer.hikari.pool.HikariPool        : HikariPool-1 - Added connection ConnectionID:1 ClientConnectionId: 205e0464-fc51-4615-8019-4bbb96c433e5
2026-06-09T22:45:43.285+08:00  INFO 32452 --- [main] com.zaxxer.hikari.HikariDataSource       : HikariPool-1 - Start completed.
2026-06-09T22:45:43.325+08:00  INFO 32452 --- [main] org.hibernate.orm.jpa                    : HHH008540: Processing PersistenceUnitInfo [name: default]
2026-06-09T22:45:43.377+08:00  INFO 32452 --- [main] org.hibernate.orm.core                   : HHH000001: Hibernate ORM core version 7.2.12.Final
2026-06-09T22:45:43.746+08:00  INFO 32452 --- [main] o.s.o.j.p.SpringPersistenceUnitInfo      : No LoadTimeWeaver setup: ignoring JPA class transformer
2026-06-09T22:45:44.111+08:00  WARN 32452 --- [main] org.hibernate.orm.deprecation            : HHH90000025: SQLServerDialect does not need to be specified explicitly using 'hibernate.dialect' (remove the property setting and it will be selected by default)
2026-06-09T22:45:44.151+08:00  INFO 32452 --- [main] org.hibernate.orm.connections.pooling    : HHH10001005: Database info:
	Database JDBC URL [jdbc:sqlserver://localhost:1433;concatNullYieldsNull=ON;quotedIdentifier=ON;connectRetryInterval=10;connectRetryCount=1;maxResultBuffer=-1;sendTemporalDataTypesAsStringForBulkCopy=true;delayLoadingLobs=true;useFmtOnly=false;vectorTypeSupport=v1;cacheBulkCopyMetadata=false;bulkCopyForBatchInsertAllowEncryptedValueModifications=false;bulkCopyForBatchInsertTableLock=false;bulkCopyForBatchInsertKeepNulls=false;bulkCopyForBatchInsertKeepIdentity=false;bulkCopyForBatchInsertFireTriggers=false;bulkCopyForBatchInsertCheckConstraints=false;bulkCopyForBatchInsertBatchSize=0;useBulkCopyForBatchInsert=false;cancelQueryTimeout=-1;sslProtocol=TLS;calcBigDecimalPrecision=false;useDefaultJaasConfig=false;jaasConfigurationName=SQLJDBCDriver;statementPoolingCacheSize=0;serverPreparedStatementDiscardThreshold=10;enablePrepareOnFirstPreparedStatementCall=false;fips=false;socketTimeout=0;authentication=NotSpecified;authenticationScheme=nativeAuthentication;xopenStates=false;datetimeParameterType=datetime2;sendTimeAsDatetime=true;replication=false;trustStoreType=JKS;trustServerCertificate=true;TransparentNetworkIPResolution=true;iPAddressPreference=IPv4First;serverNameAsACE=false;sendStringParametersAsUnicode=true;selectMethod=direct;responseBuffering=adaptive;queryTimeout=-1;packetSize=8000;multiSubnetFailover=false;loginTimeout=30;lockTimeout=-1;lastUpdateCount=true;useDefaultGSSCredential=false;prepareMethod=prepexec;encrypt=true;disableStatementPooling=true;databaseName=TESTDB;columnEncryptionSetting=Disabled;applicationName=Microsoft JDBC Driver for SQL Server;applicationIntent=readwrite;]
	Database driver: Microsoft JDBC Driver 13.2 for SQL Server
	Database dialect: SQLServerDialect
	Database version: 17.0
	Default catalog/schema: TESTDB/dbo
	Autocommit mode: undefined/unknown
	Isolation level: READ_COMMITTED [default READ_COMMITTED]
	JDBC fetch size: 128
	Pool: DataSourceConnectionProvider
	Minimum pool size: undefined/unknown
	Maximum pool size: undefined/unknown
2026-06-09T22:45:44.987+08:00  INFO 32452 --- [main] org.hibernate.orm.core                   : HHH000489: No JTA platform available (set 'hibernate.transaction.jta.platform' to enable JTA platform integration)
2026-06-09T22:45:44.993+08:00  INFO 32452 --- [main] j.LocalContainerEntityManagerFactoryBean : Initialized JPA EntityManagerFactory for persistence unit 'default'
2026-06-09T22:45:45.043+08:00  INFO 32452 --- [main] o.s.d.j.r.query.QueryEnhancerFactories   : Hibernate is in classpath; If applicable, HQL parser will be used.
2026-06-09T22:45:45.504+08:00  INFO 32452 --- [main] o.s.boot.tomcat.TomcatWebServer          : Tomcat started on port 8080 (http) with context path '/'
2026-06-09T22:45:45.507+08:00  INFO 32452 --- [main] c.i.client.AssessmentApplication         : Started AssessmentApplication in 4.931 seconds (process running for 5.665)
2026-06-09T22:45:57.507+08:00  INFO 32452 --- [http-nio-8080-exec-1] o.a.c.c.C.[Tomcat].[localhost].[/]       : Initializing Spring DispatcherServlet 'dispatcherServlet'
2026-06-09T22:45:57.508+08:00  INFO 32452 --- [http-nio-8080-exec-1] o.s.web.servlet.DispatcherServlet        : Initializing Servlet 'dispatcherServlet'
2026-06-09T22:45:57.513+08:00  INFO 32452 --- [http-nio-8080-exec-1] o.s.web.servlet.DispatcherServlet        : Completed initialization in 3 ms
2026-06-09T22:45:57.529+08:00  INFO 32452 --- [http-nio-8080-exec-1] c.i.client.filter.RequestLoggingFilter   : Incoming Request => Method: POST, URI: /client
2026-06-09T22:45:58.176+08:00  INFO 32452 --- [http-nio-8080-exec-1] c.i.c.Service.VerificationClientService  : Calling Verification API for IC=080201106234
2026-06-09T22:45:58.481+08:00  INFO 32452 --- [http-nio-8080-exec-4] c.i.client.filter.RequestLoggingFilter   : Incoming Request => Method: POST, URI: /mock/verify
2026-06-09T22:45:58.589+08:00  INFO 32452 --- [http-nio-8080-exec-4] c.i.client.filter.RequestLoggingFilter   : Outgoing Response => Status: 200, Duration: 108 ms, Body: {"message":"Verification Failed","riskLevel":"HIGH","score":350,"status":"FAIL"}
2026-06-09T22:45:58.669+08:00  INFO 32452 --- [http-nio-8080-exec-1] c.i.c.Service.VerificationClientService  : Verification Response=VerificationResponse(status=FAIL, score=350, riskLevel=HIGH, message=Verification Failed)
2026-06-09T22:45:58.717+08:00  INFO 32452 --- [http-nio-8080-exec-1] c.i.client.filter.RequestLoggingFilter   : Outgoing Response => Status: 400, Duration: 1188 ms, Body: Verification Failed
2026-06-09T22:50:30.194+08:00  INFO 32452 --- [http-nio-8080-exec-5] c.i.client.filter.RequestLoggingFilter   : Incoming Request => Method: POST, URI: /client
2026-06-09T22:50:30.206+08:00  INFO 32452 --- [http-nio-8080-exec-5] c.i.c.Service.VerificationClientService  : Calling Verification API for IC=070201106234
2026-06-09T22:50:30.219+08:00  INFO 32452 --- [http-nio-8080-exec-7] c.i.client.filter.RequestLoggingFilter   : Incoming Request => Method: POST, URI: /mock/verify
2026-06-09T22:50:30.223+08:00  INFO 32452 --- [http-nio-8080-exec-7] c.i.client.filter.RequestLoggingFilter   : Outgoing Response => Status: 200, Duration: 5 ms, Body: {"message":"Verification Successful","riskLevel":"LOW","score":750,"status":"PASS"}
2026-06-09T22:50:30.228+08:00  INFO 32452 --- [http-nio-8080-exec-5] c.i.c.Service.VerificationClientService  : Verification Response=VerificationResponse(status=PASS, score=750, riskLevel=LOW, message=Verification Successful)
2026-06-09T22:50:30.605+08:00  INFO 32452 --- [http-nio-8080-exec-5] c.i.client.filter.RequestLoggingFilter   : Outgoing Response => Status: 200, Duration: 411 ms, Body: {"data":{"firstName":"Jafelyn","icNumber":"070201106234","id":12,"lastName":"Wong"},"message":"Client inserted successfully","statusCode":201}
